<?xml version="1.0" encoding="UTF-8"?>
<!-- Generated by org.testng.reporters.JUnitReportReporter -->
<testsuite hostname="DESKTOP-S4MCD75" failures="0" tests="1" name="org.test.LoginTest" time="10.350" errors="0" timestamp="30 Mar 2022 09:54:21 GMT" skipped="0">
  <testcase classname="org.test.LoginTest" name="launchURLTest" time="10.350"/>
</testsuite> <!-- org.test.LoginTest -->
