<?xml version="1.0" encoding="UTF-8"?>
<!-- Generated by org.testng.reporters.JUnitReportReporter -->
<testsuite hostname="DESKTOP-S4MCD75" failures="0" tests="4" name="org.test.DataproviderExample" time="84.779" errors="0" timestamp="30 Mar 2022 11:26:22 GMT" skipped="0">
  <testcase classname="org.test.DataproviderExample" name="Test" time="20.804"/>
  <testcase classname="org.test.DataproviderExample" name="Test" time="20.042"/>
  <testcase classname="org.test.DataproviderExample" name="Test" time="21.130"/>
  <testcase classname="org.test.DataproviderExample" name="Test" time="22.803"/>
</testsuite> <!-- org.test.DataproviderExample -->
